<?xml version="1.0" encoding="UTF-8"?>
<robot generator="Robot 3.1.2 (Python 3.7.6 on win32)" generated="20200901 16:41:18.343" rpa="false">
<suite id="s1" name="Lunchscript" source="C:\Devellopment\robot_script\mysecnd\test\lunchscript.robot">
<test id="s1-t1" name="helo my frist test">
<kw name="Open Browser" library="SeleniumLibrary">
<doc>Opens a new browser instance to the given ``url``.</doc>
<arguments>
<arg>https://www.amazon.fr/</arg>
<arg>${dirver_value}</arg>
</arguments>
<msg timestamp="20200901 16:41:18.876" level="INFO">Opening browser 'chrome' to base url 'https://www.amazon.fr/'.</msg>
<status status="PASS" starttime="20200901 16:41:18.875" endtime="20200901 16:41:28.556"></status>
</kw>
<kw name="Get From Dictionary" library="Collections">
<doc>Returns a value from the given ``dictionary`` based on the given ``key``.</doc>
<arguments>
<arg>${serach}</arg>
<arg>abc</arg>
</arguments>
<assign>
<var>${value}</var>
</assign>
<msg timestamp="20200901 16:41:28.564" level="INFO">${value} =  mobile</msg>
<status status="PASS" starttime="20200901 16:41:28.563" endtime="20200901 16:41:28.564"></status>
</kw>
<kw name="Input Text" library="SeleniumLibrary">
<doc>Types the given ``text`` into text field identified by ``locator``.</doc>
<arguments>
<arg>xpath://*[@id="twotabsearchtextbox"]</arg>
<arg>${value}</arg>
</arguments>
<msg timestamp="20200901 16:41:28.568" level="INFO">Typing text ' mobile' into text field 'xpath://*[@id="twotabsearchtextbox"]'.</msg>
<status status="PASS" starttime="20200901 16:41:28.568" endtime="20200901 16:41:30.845"></status>
</kw>
<kw name="Click Element" library="SeleniumLibrary">
<doc>Click element identified by ``locator``.</doc>
<arguments>
<arg>xpath://*[@id="nav-search-submit-text"]/input</arg>
</arguments>
<msg timestamp="20200901 16:41:30.847" level="INFO">Clicking element 'xpath://*[@id="nav-search-submit-text"]/input'.</msg>
<status status="PASS" starttime="20200901 16:41:30.846" endtime="20200901 16:41:34.338"></status>
</kw>
<doc>my test</doc>
<status status="PASS" starttime="20200901 16:41:18.875" endtime="20200901 16:41:34.342" critical="yes"></status>
</test>
<status status="PASS" starttime="20200901 16:41:18.350" endtime="20200901 16:41:34.361"></status>
</suite>
<statistics>
<total>
<stat pass="1" fail="0">Critical Tests</stat>
<stat pass="1" fail="0">All Tests</stat>
</total>
<tag>
</tag>
<suite>
<stat pass="1" fail="0" id="s1" name="Lunchscript">Lunchscript</stat>
</suite>
</statistics>
<errors>
</errors>
</robot>
